<?xml version="1.0" encoding="UTF-8"?>
<!-- Generated by org.testng.reporters.JUnitXMLReporter -->
<testsuite ignored="2" hostname="hp" failures="0" tests="2" name="Test" time="35.031" errors="0" timestamp="2024-10-10T13:02:03 IST">
  <testcase classname="testclasses.TestLogin" name="VerifyLoginPage" time="14.886"/>
  <testcase classname="testclasses.TestRegister" name="verifyRegister" time="8.138"/>
  <testcase classname="testclasses.BaseTest" name="@AfterTest cleanup" time="0.0">
    <ignored/>
  </testcase> <!-- @AfterTest cleanup -->
  <testcase classname="testclasses.BaseTest" name="@BeforeTest Initialize" time="0.0">
    <ignored/>
  </testcase> <!-- @BeforeTest Initialize -->
</testsuite> <!-- Test -->
