<?xml version="1.0" encoding="UTF-8"?>
<testng-results ignored="2" total="4" passed="2" failed="0" skipped="0">
  <reporter-output>
  </reporter-output>
  <suite started-at="2024-10-10T16:45:04 IST" name="Suite" finished-at="2024-10-10T16:45:36 IST" duration-ms="32305">
    <groups>
    </groups>
    <test started-at="2024-10-10T16:45:04 IST" name="Test" finished-at="2024-10-10T16:45:36 IST" duration-ms="32305">
      <class name="testclasses.TestLogin">
        <test-method is-config="true" signature="Initialize()[pri:0, instance:testclasses.TestLogin@41a0aa7d]" started-at="2024-10-10T16:45:04 IST" name="Initialize" finished-at="2024-10-10T16:45:09 IST" duration-ms="5588" status="PASS">
          <reporter-output>
          </reporter-output>
        </test-method> <!-- Initialize -->
        <test-method signature="VerifyLoginPage()[pri:0, instance:testclasses.TestLogin@41a0aa7d]" started-at="2024-10-10T16:45:09 IST" name="VerifyLoginPage" finished-at="2024-10-10T16:45:28 IST" duration-ms="18980" status="PASS">
          <reporter-output>
          </reporter-output>
        </test-method> <!-- VerifyLoginPage -->
        <test-method is-config="true" signature="cleanup()[pri:0, instance:testclasses.TestLogin@41a0aa7d]" started-at="2024-10-10T16:45:36 IST" name="cleanup" finished-at="2024-10-10T16:45:36 IST" duration-ms="0" status="PASS">
          <reporter-output>
          </reporter-output>
        </test-method> <!-- cleanup -->
      </class> <!-- testclasses.TestLogin -->
      <class name="testclasses.TestRegister">
        <test-method signature="verifyRegister()[pri:0, instance:testclasses.TestRegister@60099951]" started-at="2024-10-10T16:45:28 IST" name="verifyRegister" finished-at="2024-10-10T16:45:36 IST" duration-ms="7646" status="PASS">
          <reporter-output>
          </reporter-output>
        </test-method> <!-- verifyRegister -->
      </class> <!-- testclasses.TestRegister -->
    </test> <!-- Test -->
  </suite> <!-- Suite -->
</testng-results>
